<?xml version="1.0" encoding="UTF-8"?>
<!-- Generated by org.testng.reporters.JUnitXMLReporter -->
<testsuite ignored="1" hostname="LAPTOP-0J9B465B" failures="0" tests="2" name="Test" time="27.85" errors="0" timestamp="2022-11-24T12:55:33 IST">
  <testcase classname="com.test.TS_1" name="TC_1" time="9.778"/>
  <testcase classname="com.test.TS_2" name="verify" time="2.511"/>
  <testcase classname="com.Utility.BaseClass" name="@BeforeSuite Getting_data" time="0.0">
    <ignored/>
  </testcase> <!-- @BeforeSuite Getting_data -->
</testsuite> <!-- Test -->
