<?xml version="1.0" encoding="UTF-8"?>
<testng-results ignored="1" total="3" passed="2" failed="0" skipped="0">
  <reporter-output>
  </reporter-output>
  <suite started-at="2022-11-24T12:55:05 IST" name="Suite" finished-at="2022-11-24T12:55:33 IST" duration-ms="27850">
    <groups>
    </groups>
    <test started-at="2022-11-24T12:55:05 IST" name="Test" finished-at="2022-11-24T12:55:33 IST" duration-ms="27850">
      <class name="com.test.TS_1">
        <test-method is-config="true" signature="Getting_data()[pri:0, instance:com.test.TS_1@7fd50002]" started-at="2022-11-24T12:55:05 IST" name="Getting_data" finished-at="2022-11-24T12:55:05 IST" duration-ms="5" status="PASS">
          <reporter-output>
          </reporter-output>
        </test-method> <!-- Getting_data -->
        <test-method is-config="true" signature="SetUp()[pri:0, instance:com.test.TS_1@7fd50002]" started-at="2022-11-24T12:55:05 IST" name="SetUp" finished-at="2022-11-24T12:55:11 IST" duration-ms="5976" status="PASS">
          <reporter-output>
          </reporter-output>
        </test-method> <!-- SetUp -->
        <test-method signature="TC_1()[pri:0, instance:com.test.TS_1@7fd50002]" started-at="2022-11-24T12:55:11 IST" name="TC_1" finished-at="2022-11-24T12:55:21 IST" duration-ms="9778" status="PASS">
          <reporter-output>
          </reporter-output>
        </test-method> <!-- TC_1 -->
        <test-method is-config="true" signature="TearDown()[pri:0, instance:com.test.TS_1@7fd50002]" started-at="2022-11-24T12:55:21 IST" name="TearDown" finished-at="2022-11-24T12:55:23 IST" duration-ms="2129" status="PASS">
          <reporter-output>
          </reporter-output>
        </test-method> <!-- TearDown -->
      </class> <!-- com.test.TS_1 -->
      <class name="com.test.TS_2">
        <test-method is-config="true" signature="SetUp()[pri:0, instance:com.test.TS_2@4a8355dd]" started-at="2022-11-24T12:55:23 IST" name="SetUp" finished-at="2022-11-24T12:55:29 IST" duration-ms="5232" status="PASS">
          <reporter-output>
          </reporter-output>
        </test-method> <!-- SetUp -->
        <test-method signature="verify()[pri:0, instance:com.test.TS_2@4a8355dd]" started-at="2022-11-24T12:55:29 IST" name="verify" finished-at="2022-11-24T12:55:31 IST" duration-ms="2511" status="PASS">
          <reporter-output>
          </reporter-output>
        </test-method> <!-- verify -->
        <test-method is-config="true" signature="TearDown()[pri:0, instance:com.test.TS_2@4a8355dd]" started-at="2022-11-24T12:55:31 IST" name="TearDown" finished-at="2022-11-24T12:55:33 IST" duration-ms="2196" status="PASS">
          <reporter-output>
          </reporter-output>
        </test-method> <!-- TearDown -->
      </class> <!-- com.test.TS_2 -->
    </test> <!-- Test -->
  </suite> <!-- Suite -->
</testng-results>
